<?xml version="1.0" encoding="UTF-8"?>
<testsuite xmlns:xsi="http://www.w3.org/2001/XMLSchema-instance" xsi:noNamespaceSchemaLocation="https://maven.apache.org/surefire/maven-surefire-plugin/xsd/surefire-test-report.xsd" name="runners.TestCreateOKRRunner" time="200.667" tests="53" errors="4" skipped="22" failures="0">
  <properties>
[...]
</properties>
  <testcase name="Given User is at OKR login page" classname="| Automation Framework Implementation | Testing | Aspirational OKR | Himanshu Kumar | POC Complete |" time="0.002"/>
  <testcase name="Given User is at OKR login page" classname="| Automation Framework Implementation | Testing | Aspirational OKR | Himanshu Kumar | POC Complete |" time="0"/>
  <testcase name="When User Enter &quot;deepanjali.chaudhary@infoprolearning.com&quot; in Email field" classname="| Automation Framework Implementation | Testing | Aspirational OKR | Himanshu Kumar | POC Complete |" time="0"/>
  <testcase name="When User Enter &quot;deepanjali.chaudhary@infoprolearning.com&quot; in Email field" classname="| Automation Framework Implementation | Testing | Aspirational OKR | Himanshu Kumar | POC Complete |" time="0"/>
  <testcase name="And User Enter &quot;abcd@1234&quot; in Password field" classname="| Automation Framework Implementation | Testing | Aspirational OKR | Himanshu Kumar | POC Complete |" time="0"/>
  <testcase name="And User Enter &quot;abcd@1234&quot; in Password field" classname="| Automation Framework Implementation | Testing | Aspirational OKR | Himanshu Kumar | POC Complete |" time="0"/>
  <testcase name="And user click on Sign In Button" classname="| Automation Framework Implementation | Testing | Aspirational OKR | Himanshu Kumar | POC Complete |" time="0"/>
  <testcase name="And user click on Sign In Button" classname="| Automation Framework Implementation | Testing | Aspirational OKR | Himanshu Kumar | POC Complete |" time="0"/>
  <testcase name="Then login should be sucessful" classname="| Automation Framework Implementation | Testing | Aspirational OKR | Himanshu Kumar | POC Complete |" time="0"/>
  <testcase name="Then login should be sucessful" classname="| Automation Framework Implementation | Testing | Aspirational OKR | Himanshu Kumar | POC Complete |" time="0"/>
  <testcase name="Given User is at OKR Home page" classname="| Automation Framework Implementation | Testing | Aspirational OKR | Himanshu Kumar | POC Complete |" time="0"/>
  <testcase name="Given User is at OKR Home page" classname="| Automation Framework Implementation | Testing | Aspirational OKR | Himanshu Kumar | POC Complete |" time="0"/>
  <testcase name="When User click on New OKR tab" classname="| Automation Framework Implementation | Testing | Aspirational OKR | Himanshu Kumar | POC Complete |" time="0.04">
    <error message="element not visible&#10;  (Session info: chrome=81.0.4044.129)&#10;  (Driver info: chromedriver=2.40.565498 (ea082db3280dd6843ebfb08a625e3eb905c4f5ab),platform=Windows NT 10.0.18362 x86_64) (WARNING: The server did not provide any stacktrace information)&#10;Command duration or timeout: 0 milliseconds&#10;Build info: version: &apos;3.141.59&apos;, revision: &apos;e82be7d358&apos;, time: &apos;2018-11-14T08:17:03&apos;&#10;System info: host: &apos;DESKTOP-RCOJQB7&apos;, ip: &apos;192.168.0.107&apos;, os.name: &apos;Windows 10&apos;, os.arch: &apos;amd64&apos;, os.version: &apos;10.0&apos;, java.version: &apos;10.0.2&apos;&#10;Driver info: org.openqa.selenium.chrome.ChromeDriver&#10;Capabilities {acceptInsecureCerts: false, acceptSslCerts: false, applicationCacheEnabled: false, browserConnectionEnabled: false, browserName: chrome, chrome: {chromedriverVersion: 2.40.565498 (ea082db3280dd6..., userDataDir: C:\Users\ayush\AppData\Loca...}, cssSelectorsEnabled: true, databaseEnabled: false, handlesAlerts: true, hasTouchScreen: false, javascriptEnabled: true, locationContextEnabled: true, mobileEmulationEnabled: false, nativeEvents: true, networkConnectionEnabled: false, pageLoadStrategy: normal, platform: XP, platformName: XP, rotatable: false, setWindowRect: true, takesHeapSnapshot: true, takesScreenshot: true, unexpectedAlertBehaviour: , unhandledPromptBehavior: , version: 81.0.4044.129, webStorageEnabled: true}&#10;Session ID: caef9bf75c1a80bdab1c119dfb88edf9" type="org.openqa.selenium.ElementNotVisibleException">org.openqa.selenium.ElementNotVisibleException: 
element not visible
  (Session info: chrome=81.0.4044.129)
  (Driver info: chromedriver=2.40.565498 (ea082db3280dd6843ebfb08a625e3eb905c4f5ab),platform=Windows NT 10.0.18362 x86_64) (WARNING: The server did not provide any stacktrace information)
Command duration or timeout: 0 milliseconds
Build info: version: '3.141.59', revision: 'e82be7d358', time: '2018-11-14T08:17:03'
System info: host: 'DESKTOP-RCOJQB7', ip: '192.168.0.107', os.name: 'Windows 10', os.arch: 'amd64', os.version: '10.0', java.version: '10.0.2'
Driver info: org.openqa.selenium.chrome.ChromeDriver
Capabilities {acceptInsecureCerts: false, acceptSslCerts: false, applicationCacheEnabled: false, browserConnectionEnabled: false, browserName: chrome, chrome: {chromedriverVersion: 2.40.565498 (ea082db3280dd6..., userDataDir: C:\Users\ayush\AppData\Loca...}, cssSelectorsEnabled: true, databaseEnabled: false, handlesAlerts: true, hasTouchScreen: false, javascriptEnabled: true, locationContextEnabled: true, mobileEmulationEnabled: false, nativeEvents: true, networkConnectionEnabled: false, pageLoadStrategy: normal, platform: XP, platformName: XP, rotatable: false, setWindowRect: true, takesHeapSnapshot: true, takesScreenshot: true, unexpectedAlertBehaviour: , unhandledPromptBehavior: , version: 81.0.4044.129, webStorageEnabled: true}
Session ID: caef9bf75c1a80bdab1c119dfb88edf9
</error>
  </testcase>
  <testcase name="When User click on New OKR tab" classname="| Automation Framework Implementation | Testing | Aspirational OKR | Himanshu Kumar | POC Complete |" time="0"/>
  <testcase name="| Automation Framework Implementation | Testing | Aspirational OKR | Himanshu Kumar | POC Complete |" classname="| Automation Framework Implementation | Testing | Aspirational OKR | Himanshu Kumar | POC Complete |" time="0.041">
    <error message="element not visible&#10;  (Session info: chrome=81.0.4044.129)&#10;  (Driver info: chromedriver=2.40.565498 (ea082db3280dd6843ebfb08a625e3eb905c4f5ab),platform=Windows NT 10.0.18362 x86_64) (WARNING: The server did not provide any stacktrace information)&#10;Command duration or timeout: 0 milliseconds&#10;Build info: version: &apos;3.141.59&apos;, revision: &apos;e82be7d358&apos;, time: &apos;2018-11-14T08:17:03&apos;&#10;System info: host: &apos;DESKTOP-RCOJQB7&apos;, ip: &apos;192.168.0.107&apos;, os.name: &apos;Windows 10&apos;, os.arch: &apos;amd64&apos;, os.version: &apos;10.0&apos;, java.version: &apos;10.0.2&apos;&#10;Driver info: org.openqa.selenium.chrome.ChromeDriver&#10;Capabilities {acceptInsecureCerts: false, acceptSslCerts: false, applicationCacheEnabled: false, browserConnectionEnabled: false, browserName: chrome, chrome: {chromedriverVersion: 2.40.565498 (ea082db3280dd6..., userDataDir: C:\Users\ayush\AppData\Loca...}, cssSelectorsEnabled: true, databaseEnabled: false, handlesAlerts: true, hasTouchScreen: false, javascriptEnabled: true, locationContextEnabled: true, mobileEmulationEnabled: false, nativeEvents: true, networkConnectionEnabled: false, pageLoadStrategy: normal, platform: XP, platformName: XP, rotatable: false, setWindowRect: true, takesHeapSnapshot: true, takesScreenshot: true, unexpectedAlertBehaviour: , unhandledPromptBehavior: , version: 81.0.4044.129, webStorageEnabled: true}&#10;Session ID: caef9bf75c1a80bdab1c119dfb88edf9" type="org.openqa.selenium.ElementNotVisibleException">org.openqa.selenium.ElementNotVisibleException: 
element not visible
  (Session info: chrome=81.0.4044.129)
  (Driver info: chromedriver=2.40.565498 (ea082db3280dd6843ebfb08a625e3eb905c4f5ab),platform=Windows NT 10.0.18362 x86_64) (WARNING: The server did not provide any stacktrace information)
Command duration or timeout: 0 milliseconds
Build info: version: '3.141.59', revision: 'e82be7d358', time: '2018-11-14T08:17:03'
System info: host: 'DESKTOP-RCOJQB7', ip: '192.168.0.107', os.name: 'Windows 10', os.arch: 'amd64', os.version: '10.0', java.version: '10.0.2'
Driver info: org.openqa.selenium.chrome.ChromeDriver
Capabilities {acceptInsecureCerts: false, acceptSslCerts: false, applicationCacheEnabled: false, browserConnectionEnabled: false, browserName: chrome, chrome: {chromedriverVersion: 2.40.565498 (ea082db3280dd6..., userDataDir: C:\Users\ayush\AppData\Loca...}, cssSelectorsEnabled: true, databaseEnabled: false, handlesAlerts: true, hasTouchScreen: false, javascriptEnabled: true, locationContextEnabled: true, mobileEmulationEnabled: false, nativeEvents: true, networkConnectionEnabled: false, pageLoadStrategy: normal, platform: XP, platformName: XP, rotatable: false, setWindowRect: true, takesHeapSnapshot: true, takesScreenshot: true, unexpectedAlertBehaviour: , unhandledPromptBehavior: , version: 81.0.4044.129, webStorageEnabled: true}
Session ID: caef9bf75c1a80bdab1c119dfb88edf9
</error>
  </testcase>
  <testcase name="| Automation Framework Implementation | Testing | Aspirational OKR | Himanshu Kumar | POC Complete |" classname="| Automation Framework Implementation | Testing | Aspirational OKR | Himanshu Kumar | POC Complete |" time="0">
    <skipped/>
  </testcase>
  <testcase name="| Automation Framework Implementation | Testing | Aspirational OKR | Himanshu Kumar | POC Complete |" classname="| Automation Framework Implementation | Testing | Aspirational OKR | Himanshu Kumar | POC Complete |" time="0.001"/>
  <testcase name="Then User should be at create new okr page" classname="| Automation Framework Implementation | Testing | Aspirational OKR | Himanshu Kumar | POC Complete |" time="0">
    <skipped/>
  </testcase>
  <testcase name="Then User should be at create new okr page" classname="| Automation Framework Implementation | Testing | Aspirational OKR | Himanshu Kumar | POC Complete |" time="0"/>
  <testcase name="And User clicks on Create New Objective" classname="| Automation Framework Implementation | Testing | Aspirational OKR | Himanshu Kumar | POC Complete |" time="0">
    <skipped/>
  </testcase>
  <testcase name="And User clicks on Create New Objective" classname="| Automation Framework Implementation | Testing | Aspirational OKR | Himanshu Kumar | POC Complete |" time="0"/>
  <testcase name="And User enter &quot;Automation Framework Implementation&quot; in Objective field" classname="| Automation Framework Implementation | Testing | Aspirational OKR | Himanshu Kumar | POC Complete |" time="0">
    <skipped/>
  </testcase>
  <testcase name="And User enter &quot;Automation Framework Implementation&quot; in Objective field" classname="| Automation Framework Implementation | Testing | Aspirational OKR | Himanshu Kumar | POC Complete |" time="0"/>
  <testcase name="And User enter &quot;Testing&quot; in type of short description for objective field" classname="| Automation Framework Implementation | Testing | Aspirational OKR | Himanshu Kumar | POC Complete |" time="0">
    <skipped/>
  </testcase>
  <testcase name="And User enter &quot;Testing&quot; in type of short description for objective field" classname="| Automation Framework Implementation | Testing | Aspirational OKR | Himanshu Kumar | POC Complete |" time="0"/>
  <testcase name="And User select &quot;Aspirational OKR&quot; in type of objective field" classname="| Automation Framework Implementation | Testing | Aspirational OKR | Himanshu Kumar | POC Complete |" time="0">
    <skipped/>
  </testcase>
  <testcase name="And User select &quot;Aspirational OKR&quot; in type of objective field" classname="| Automation Framework Implementation | Testing | Aspirational OKR | Himanshu Kumar | POC Complete |" time="0"/>
  <testcase name="And user select &quot;Himanshu Kumar&quot; in align manager field" classname="| Automation Framework Implementation | Testing | Aspirational OKR | Himanshu Kumar | POC Complete |" time="0">
    <skipped/>
  </testcase>
  <testcase name="And user select &quot;Himanshu Kumar&quot; in align manager field" classname="| Automation Framework Implementation | Testing | Aspirational OKR | Himanshu Kumar | POC Complete |" time="0"/>
  <testcase name="And user add &quot;POC Complete&quot; in key field" classname="| Automation Framework Implementation | Testing | Aspirational OKR | Himanshu Kumar | POC Complete |" time="0">
    <skipped/>
  </testcase>
  <testcase name="And user add &quot;POC Complete&quot; in key field" classname="| Automation Framework Implementation | Testing | Aspirational OKR | Himanshu Kumar | POC Complete |" time="0"/>
  <testcase name="And Click on Save button" classname="| Automation Framework Implementation | Testing | Aspirational OKR | Himanshu Kumar | POC Complete |" time="0">
    <skipped/>
  </testcase>
  <testcase name="Then User should be navigated to home page and &quot;Automation Framework Implementation&quot; should have been created" classname="| Automation Framework Implementation | Testing | Aspirational OKR | Himanshu Kumar | POC Complete |" time="0">
    <skipped/>
  </testcase>
  <testcase name="Given User is at OKR login page" classname="| Automation Framework Implementation | Testing | Aspirational OKR | Himanshu Kumar |" time="0"/>
  <testcase name="When User Enter &quot;deepanjali.chaudhary@infoprolearning.com&quot; in Email field" classname="| Automation Framework Implementation | Testing | Aspirational OKR | Himanshu Kumar |" time="0"/>
  <testcase name="And User Enter &quot;abcd@1234&quot; in Password field" classname="| Automation Framework Implementation | Testing | Aspirational OKR | Himanshu Kumar |" time="0"/>
  <testcase name="And user click on Sign In Button" classname="| Automation Framework Implementation | Testing | Aspirational OKR | Himanshu Kumar |" time="0"/>
  <testcase name="Then login should be sucessful" classname="| Automation Framework Implementation | Testing | Aspirational OKR | Himanshu Kumar |" time="0"/>
  <testcase name="Given User is at OKR Home page" classname="| Automation Framework Implementation | Testing | Aspirational OKR | Himanshu Kumar |" time="0"/>
  <testcase name="When User click on New OKR tab" classname="| Automation Framework Implementation | Testing | Aspirational OKR | Himanshu Kumar |" time="0.05">
    <error message="element not visible&#10;  (Session info: chrome=81.0.4044.129)&#10;  (Driver info: chromedriver=2.40.565498 (ea082db3280dd6843ebfb08a625e3eb905c4f5ab),platform=Windows NT 10.0.18362 x86_64) (WARNING: The server did not provide any stacktrace information)&#10;Command duration or timeout: 0 milliseconds&#10;Build info: version: &apos;3.141.59&apos;, revision: &apos;e82be7d358&apos;, time: &apos;2018-11-14T08:17:03&apos;&#10;System info: host: &apos;DESKTOP-RCOJQB7&apos;, ip: &apos;192.168.0.107&apos;, os.name: &apos;Windows 10&apos;, os.arch: &apos;amd64&apos;, os.version: &apos;10.0&apos;, java.version: &apos;10.0.2&apos;&#10;Driver info: org.openqa.selenium.chrome.ChromeDriver&#10;Capabilities {acceptInsecureCerts: false, acceptSslCerts: false, applicationCacheEnabled: false, browserConnectionEnabled: false, browserName: chrome, chrome: {chromedriverVersion: 2.40.565498 (ea082db3280dd6..., userDataDir: C:\Users\ayush\AppData\Loca...}, cssSelectorsEnabled: true, databaseEnabled: false, handlesAlerts: true, hasTouchScreen: false, javascriptEnabled: true, locationContextEnabled: true, mobileEmulationEnabled: false, nativeEvents: true, networkConnectionEnabled: false, pageLoadStrategy: normal, platform: XP, platformName: XP, rotatable: false, setWindowRect: true, takesHeapSnapshot: true, takesScreenshot: true, unexpectedAlertBehaviour: , unhandledPromptBehavior: , version: 81.0.4044.129, webStorageEnabled: true}&#10;Session ID: 1519653b63e51185ec542d5930b2d230" type="org.openqa.selenium.ElementNotVisibleException">org.openqa.selenium.ElementNotVisibleException: 
element not visible
  (Session info: chrome=81.0.4044.129)
  (Driver info: chromedriver=2.40.565498 (ea082db3280dd6843ebfb08a625e3eb905c4f5ab),platform=Windows NT 10.0.18362 x86_64) (WARNING: The server did not provide any stacktrace information)
Command duration or timeout: 0 milliseconds
Build info: version: '3.141.59', revision: 'e82be7d358', time: '2018-11-14T08:17:03'
System info: host: 'DESKTOP-RCOJQB7', ip: '192.168.0.107', os.name: 'Windows 10', os.arch: 'amd64', os.version: '10.0', java.version: '10.0.2'
Driver info: org.openqa.selenium.chrome.ChromeDriver
Capabilities {acceptInsecureCerts: false, acceptSslCerts: false, applicationCacheEnabled: false, browserConnectionEnabled: false, browserName: chrome, chrome: {chromedriverVersion: 2.40.565498 (ea082db3280dd6..., userDataDir: C:\Users\ayush\AppData\Loca...}, cssSelectorsEnabled: true, databaseEnabled: false, handlesAlerts: true, hasTouchScreen: false, javascriptEnabled: true, locationContextEnabled: true, mobileEmulationEnabled: false, nativeEvents: true, networkConnectionEnabled: false, pageLoadStrategy: normal, platform: XP, platformName: XP, rotatable: false, setWindowRect: true, takesHeapSnapshot: true, takesScreenshot: true, unexpectedAlertBehaviour: , unhandledPromptBehavior: , version: 81.0.4044.129, webStorageEnabled: true}
Session ID: 1519653b63e51185ec542d5930b2d230
</error>
  </testcase>
  <testcase name="| Automation Framework Implementation | Testing | Aspirational OKR | Himanshu Kumar |" classname="| Automation Framework Implementation | Testing | Aspirational OKR | Himanshu Kumar |" time="0.05">
    <error message="element not visible&#10;  (Session info: chrome=81.0.4044.129)&#10;  (Driver info: chromedriver=2.40.565498 (ea082db3280dd6843ebfb08a625e3eb905c4f5ab),platform=Windows NT 10.0.18362 x86_64) (WARNING: The server did not provide any stacktrace information)&#10;Command duration or timeout: 0 milliseconds&#10;Build info: version: &apos;3.141.59&apos;, revision: &apos;e82be7d358&apos;, time: &apos;2018-11-14T08:17:03&apos;&#10;System info: host: &apos;DESKTOP-RCOJQB7&apos;, ip: &apos;192.168.0.107&apos;, os.name: &apos;Windows 10&apos;, os.arch: &apos;amd64&apos;, os.version: &apos;10.0&apos;, java.version: &apos;10.0.2&apos;&#10;Driver info: org.openqa.selenium.chrome.ChromeDriver&#10;Capabilities {acceptInsecureCerts: false, acceptSslCerts: false, applicationCacheEnabled: false, browserConnectionEnabled: false, browserName: chrome, chrome: {chromedriverVersion: 2.40.565498 (ea082db3280dd6..., userDataDir: C:\Users\ayush\AppData\Loca...}, cssSelectorsEnabled: true, databaseEnabled: false, handlesAlerts: true, hasTouchScreen: false, javascriptEnabled: true, locationContextEnabled: true, mobileEmulationEnabled: false, nativeEvents: true, networkConnectionEnabled: false, pageLoadStrategy: normal, platform: XP, platformName: XP, rotatable: false, setWindowRect: true, takesHeapSnapshot: true, takesScreenshot: true, unexpectedAlertBehaviour: , unhandledPromptBehavior: , version: 81.0.4044.129, webStorageEnabled: true}&#10;Session ID: 1519653b63e51185ec542d5930b2d230" type="org.openqa.selenium.ElementNotVisibleException">org.openqa.selenium.ElementNotVisibleException: 
element not visible
  (Session info: chrome=81.0.4044.129)
  (Driver info: chromedriver=2.40.565498 (ea082db3280dd6843ebfb08a625e3eb905c4f5ab),platform=Windows NT 10.0.18362 x86_64) (WARNING: The server did not provide any stacktrace information)
Command duration or timeout: 0 milliseconds
Build info: version: '3.141.59', revision: 'e82be7d358', time: '2018-11-14T08:17:03'
System info: host: 'DESKTOP-RCOJQB7', ip: '192.168.0.107', os.name: 'Windows 10', os.arch: 'amd64', os.version: '10.0', java.version: '10.0.2'
Driver info: org.openqa.selenium.chrome.ChromeDriver
Capabilities {acceptInsecureCerts: false, acceptSslCerts: false, applicationCacheEnabled: false, browserConnectionEnabled: false, browserName: chrome, chrome: {chromedriverVersion: 2.40.565498 (ea082db3280dd6..., userDataDir: C:\Users\ayush\AppData\Loca...}, cssSelectorsEnabled: true, databaseEnabled: false, handlesAlerts: true, hasTouchScreen: false, javascriptEnabled: true, locationContextEnabled: true, mobileEmulationEnabled: false, nativeEvents: true, networkConnectionEnabled: false, pageLoadStrategy: normal, platform: XP, platformName: XP, rotatable: false, setWindowRect: true, takesHeapSnapshot: true, takesScreenshot: true, unexpectedAlertBehaviour: , unhandledPromptBehavior: , version: 81.0.4044.129, webStorageEnabled: true}
Session ID: 1519653b63e51185ec542d5930b2d230
</error>
  </testcase>
  <testcase name="Then User should be at create new okr page" classname="| Automation Framework Implementation | Testing | Aspirational OKR | Himanshu Kumar |" time="0">
    <skipped/>
  </testcase>
  <testcase name="And User clicks on Create New Objective" classname="| Automation Framework Implementation | Testing | Aspirational OKR | Himanshu Kumar |" time="0">
    <skipped/>
  </testcase>
  <testcase name="And User enter &quot;Automation Framework Implementation&quot; in Objective field" classname="| Automation Framework Implementation | Testing | Aspirational OKR | Himanshu Kumar |" time="0">
    <skipped/>
  </testcase>
  <testcase name="And User enter &quot;Testing&quot; in type of short description for objective field" classname="| Automation Framework Implementation | Testing | Aspirational OKR | Himanshu Kumar |" time="0">
    <skipped/>
  </testcase>
  <testcase name="And User select &quot;Aspirational OKR&quot; in type of objective field" classname="| Automation Framework Implementation | Testing | Aspirational OKR | Himanshu Kumar |" time="0">
    <skipped/>
  </testcase>
  <testcase name="And user select &quot;Himanshu Kumar&quot; in align manager field" classname="| Automation Framework Implementation | Testing | Aspirational OKR | Himanshu Kumar |" time="0">
    <skipped/>
  </testcase>
  <testcase name="And user add following in key field" classname="| Automation Framework Implementation | Testing | Aspirational OKR | Himanshu Kumar |" time="0">
    <skipped/>
  </testcase>
  <testcase name="And Click on Save button" classname="| Automation Framework Implementation | Testing | Aspirational OKR | Himanshu Kumar |" time="0">
    <skipped/>
  </testcase>
  <testcase name="Then User should be navigated to home page and objective should have been created" classname="| Automation Framework Implementation | Testing | Aspirational OKR | Himanshu Kumar |" time="0">
    <skipped/>
  </testcase>
  <testcase name="And Click on Save And Add New button" classname="| Automation Framework Implementation | Testing | Aspirational OKR | Himanshu Kumar | POC Complete |" time="0">
    <skipped/>
  </testcase>
  <testcase name="And User should be able to add another Objective" classname="| Automation Framework Implementation | Testing | Aspirational OKR | Himanshu Kumar | POC Complete |" time="0">
    <skipped/>
  </testcase>
  <testcase name="Then User should be navigated to home page and objective should have been created" classname="| Automation Framework Implementation | Testing | Aspirational OKR | Himanshu Kumar | POC Complete |" time="0">
    <skipped/>
  </testcase>
</testsuite>